Arguments: 
  C:\Program Files\nodejs\node.exe C:\Users\Bimasha\AppData\Roaming\npm\node_modules\yarn\bin\yarn.js init

PATH: 
  C:\Users\Bimasha\bin;C:\Program Files\Git\mingw64\bin;C:\Program Files\Git\usr\local\bin;C:\Program Files\Git\usr\bin;C:\Program Files\Git\usr\bin;C:\Program Files\Git\mingw64\bin;C:\Program Files\Git\usr\bin;C:\Users\Bimasha\bin;C:\WINDOWS\system32;C:\WINDOWS;C:\WINDOWS\System32\Wbem;C:\WINDOWS\System32\WindowsPowerShell\v1.0;C:\WINDOWS\System32\OpenSSH;C:\Program Files (x86)\dotnet;C:\Program Files\Git\cmd;C:\xampp\php;C:\Program Files\nodejs;C:\ProgramData\ComposerSetup\bin;C:\Users\Bimasha\AppData\Local\Microsoft\WindowsApps;C:\Users\Bimasha\AppData\Local\atom\bin;C:\Users\Bimasha\AppData\Local\Microsoft\WindowsApps;C:\Users\Bimasha\AppData\Local\Programs\Microsoft VS Code\bin;C:\Users\Bimasha\AppData\Roaming\npm;C:\Users\Bimasha\AppData\Roaming\Composer\vendor\bin;C:\Program Files\Git\usr\bin\vendor_perl;C:\Program Files\Git\usr\bin\core_perl

Yarn version: 
  1.22.18

Node version: 
  16.14.0

Platform: 
  win32 x64

Trace: 
  Error: Can't answer a question unless a user TTY
      at ConsoleReporter.question (C:\Users\Bimasha\AppData\Roaming\npm\node_modules\yarn\lib\cli.js:92857:59)
      at Object.<anonymous> (C:\Users\Bimasha\AppData\Roaming\npm\node_modules\yarn\lib\cli.js:85047:38)
      at Generator.next (<anonymous>)
      at step (C:\Users\Bimasha\AppData\Roaming\npm\node_modules\yarn\lib\cli.js:310:30)
      at C:\Users\Bimasha\AppData\Roaming\npm\node_modules\yarn\lib\cli.js:321:13

npm manifest: 
  No manifest

yarn manifest: 
  No manifest

Lockfile: 
  # THIS IS AN AUTOGENERATED FILE. DO NOT EDIT THIS FILE DIRECTLY.
  # yarn lockfile v1
